[08-Nov-2018 06:30:31 UTC] PHP Fatal error:  Maximum execution time of 300 seconds exceeded in /home/ubuntu/workspace/CST336/labs/Slider/index.php on line 61
[08-Nov-2018 06:30:31 UTC] PHP Stack trace:
[08-Nov-2018 06:30:31 UTC] PHP   1. {main}() /home/ubuntu/workspace/CST336/labs/Slider/index.php:0
[08-Nov-2018 07:19:49 UTC] PHP Fatal error:  Maximum execution time of 300 seconds exceeded in /home/ubuntu/workspace/CST336/labs/Slider/index.php on line 60
[08-Nov-2018 07:19:49 UTC] PHP Stack trace:
[08-Nov-2018 07:19:49 UTC] PHP   1. {main}() /home/ubuntu/workspace/CST336/labs/Slider/index.php:0
[08-Nov-2018 07:43:09 UTC] PHP Fatal error:  Cannot redeclare getImageURLs() (previously declared in /home/ubuntu/workspace/CST336/labs/Slider/api/pixabayAPI.php:4) in /home/ubuntu/workspace/CST336/labs/Slider/api/pixabayAPI.php on line 4
[08-Nov-2018 07:43:09 UTC] PHP Stack trace:
[08-Nov-2018 07:43:09 UTC] PHP   1. {main}() /home/ubuntu/workspace/CST336/labs/Slider/index.php:0
[08-Nov-2018 07:43:18 UTC] PHP Fatal error:  Cannot redeclare getImageURLs() (previously declared in /home/ubuntu/workspace/CST336/labs/Slider/api/pixabayAPI.php:4) in /home/ubuntu/workspace/CST336/labs/Slider/api/pixabayAPI.php on line 4
[08-Nov-2018 07:43:18 UTC] PHP Stack trace:
[08-Nov-2018 07:43:18 UTC] PHP   1. {main}() /home/ubuntu/workspace/CST336/labs/Slider/index.php:0
[08-Nov-2018 07:45:36 UTC] PHP Parse error:  syntax error, unexpected '' (T_ENCAPSED_AND_WHITESPACE), expecting identifier (T_STRING) or variable (T_VARIABLE) or number (T_NUM_STRING) in /home/ubuntu/workspace/CST336/labs/Slider/index.php on line 7
[08-Nov-2018 07:49:19 UTC] PHP Fatal error:  Cannot redeclare getImageURLs() (previously declared in /home/ubuntu/workspace/CST336/labs/Slider/api/pixabayAPI.php:4) in /home/ubuntu/workspace/CST336/labs/Slider/api/pixabayAPI.php on line 4
[08-Nov-2018 07:49:19 UTC] PHP Stack trace:
[08-Nov-2018 07:49:19 UTC] PHP   1. {main}() /home/ubuntu/workspace/CST336/labs/Slider/index.php:0
[08-Nov-2018 07:50:11 UTC] PHP Fatal error:  Cannot redeclare getImageURLs() (previously declared in /home/ubuntu/workspace/CST336/labs/Slider/api/pixabayAPI.php:4) in /home/ubuntu/workspace/CST336/labs/Slider/api/pixabayAPI.php on line 4
[08-Nov-2018 07:50:11 UTC] PHP Stack trace:
[08-Nov-2018 07:50:11 UTC] PHP   1. {main}() /home/ubuntu/workspace/CST336/labs/Slider/index.php:0
[08-Nov-2018 07:52:22 UTC] PHP Fatal error:  Cannot redeclare getImageURLs() (previously declared in /home/ubuntu/workspace/CST336/labs/Slider/api/pixabayAPI.php:4) in /home/ubuntu/workspace/CST336/labs/Slider/api/pixabayAPI.php on line 4
[08-Nov-2018 07:52:22 UTC] PHP Stack trace:
[08-Nov-2018 07:52:22 UTC] PHP   1. {main}() /home/ubuntu/workspace/CST336/labs/Slider/index.php:0
[08-Nov-2018 07:56:03 UTC] PHP Fatal error:  Maximum execution time of 300 seconds exceeded in /home/ubuntu/workspace/CST336/labs/Slider/index.php on line 64
[08-Nov-2018 07:56:03 UTC] PHP Stack trace:
[08-Nov-2018 07:56:03 UTC] PHP   1. {main}() /home/ubuntu/workspace/CST336/labs/Slider/index.php:0
